<?xml version="1.0" encoding="UTF-8"?>
<testng-results ignored="0" total="7" passed="7" failed="0" skipped="0">
  <reporter-output>
  </reporter-output>
  <suite started-at="2023-10-27T14:32:43 IST" name="Regression Test" finished-at="2023-10-27T14:33:02 IST" duration-ms="18711">
    <groups>
    </groups>
    <test started-at="2023-10-27T14:32:43 IST" name="Google Test" finished-at="2023-10-27T14:32:58 IST" duration-ms="14693">
      <class name="TestNGSessions.GoogleTest">
        <test-method is-config="true" signature="setup(java.lang.String,java.lang.String)[pri:0, instance:TestNGSessions.GoogleTest@692f203f]" started-at="2023-10-27T14:32:43 IST" name="setup" finished-at="2023-10-27T14:32:55 IST" duration-ms="11892" status="PASS">
          <params>
            <param index="0">
              <value>
                <![CDATA[https://www.google.com/]]>
              </value>
            </param>
            <param index="1">
              <value>
                <![CDATA[Chrome]]>
              </value>
            </param>
          </params>
          <reporter-output>
          </reporter-output>
        </test-method> <!-- setup -->
        <test-method signature="titleTest()[pri:1, instance:TestNGSessions.GoogleTest@692f203f]" started-at="2023-10-27T14:32:55 IST" name="titleTest" finished-at="2023-10-27T14:32:55 IST" duration-ms="68" status="PASS">
          <reporter-output>
          </reporter-output>
        </test-method> <!-- titleTest -->
        <test-method signature="searchExistTest()[pri:2, instance:TestNGSessions.GoogleTest@692f203f]" started-at="2023-10-27T14:32:55 IST" name="searchExistTest" finished-at="2023-10-27T14:32:55 IST" duration-ms="170" status="PASS">
          <reporter-output>
          </reporter-output>
        </test-method> <!-- searchExistTest -->
        <test-method is-config="true" signature="tearDown()[pri:0, instance:TestNGSessions.GoogleTest@692f203f]" started-at="2023-10-27T14:32:55 IST" name="tearDown" finished-at="2023-10-27T14:32:58 IST" duration-ms="2332" status="PASS">
          <reporter-output>
          </reporter-output>
        </test-method> <!-- tearDown -->
      </class> <!-- TestNGSessions.GoogleTest -->
    </test> <!-- Google Test -->
    <test started-at="2023-10-27T14:32:43 IST" name="Open Cart Test" finished-at="2023-10-27T14:32:58 IST" duration-ms="14692">
      <class name="TestNGSessions.OpenCartTest">
        <test-method is-config="true" signature="setup(java.lang.String,java.lang.String)[pri:0, instance:TestNGSessions.OpenCartTest@7586beff]" started-at="2023-10-27T14:32:43 IST" name="setup" finished-at="2023-10-27T14:32:57 IST" duration-ms="13763" status="PASS">
          <params>
            <param index="0">
              <value>
                <![CDATA[https://naveenautomationlabs.com/opencart/]]>
              </value>
            </param>
            <param index="1">
              <value>
                <![CDATA[Chrome]]>
              </value>
            </param>
          </params>
          <reporter-output>
          </reporter-output>
        </test-method> <!-- setup -->
        <test-method signature="titleTest()[pri:1, instance:TestNGSessions.OpenCartTest@7586beff]" started-at="2023-10-27T14:32:57 IST" name="titleTest" finished-at="2023-10-27T14:32:57 IST" duration-ms="33" status="PASS">
          <reporter-output>
          </reporter-output>
        </test-method> <!-- titleTest -->
        <test-method signature="searchExistTest()[pri:2, instance:TestNGSessions.OpenCartTest@7586beff]" started-at="2023-10-27T14:32:57 IST" name="searchExistTest" finished-at="2023-10-27T14:32:57 IST" duration-ms="103" status="PASS">
          <reporter-output>
          </reporter-output>
        </test-method> <!-- searchExistTest -->
        <test-method is-config="true" signature="tearDown()[pri:0, instance:TestNGSessions.OpenCartTest@7586beff]" started-at="2023-10-27T14:32:57 IST" name="tearDown" finished-at="2023-10-27T14:32:58 IST" duration-ms="747" status="PASS">
          <reporter-output>
          </reporter-output>
        </test-method> <!-- tearDown -->
      </class> <!-- TestNGSessions.OpenCartTest -->
    </test> <!-- Open Cart Test -->
    <test started-at="2023-10-27T14:32:43 IST" name="Amazon Test" finished-at="2023-10-27T14:33:02 IST" duration-ms="18711">
      <class name="TestNGSessions.AmazonTest">
        <test-method is-config="true" signature="setup(java.lang.String,java.lang.String)[pri:0, instance:TestNGSessions.AmazonTest@5b12b668]" started-at="2023-10-27T14:32:43 IST" name="setup" finished-at="2023-10-27T14:32:57 IST" duration-ms="14363" status="PASS">
          <params>
            <param index="0">
              <value>
                <![CDATA[https://www.amazon.com/]]>
              </value>
            </param>
            <param index="1">
              <value>
                <![CDATA[CHROME]]>
              </value>
            </param>
          </params>
          <reporter-output>
          </reporter-output>
        </test-method> <!-- setup -->
        <test-method signature="titleTest()[pri:1, instance:TestNGSessions.AmazonTest@5b12b668]" started-at="2023-10-27T14:32:57 IST" name="titleTest" finished-at="2023-10-27T14:32:58 IST" duration-ms="696" status="PASS">
          <reporter-output>
          </reporter-output>
        </test-method> <!-- titleTest -->
        <test-method signature="searchExistTest()[pri:2, instance:TestNGSessions.AmazonTest@5b12b668]" started-at="2023-10-27T14:32:58 IST" name="searchExistTest" finished-at="2023-10-27T14:32:58 IST" duration-ms="220" status="PASS">
          <reporter-output>
          </reporter-output>
        </test-method> <!-- searchExistTest -->
        <test-method signature="isHelpExistTest()[pri:3, instance:TestNGSessions.AmazonTest@5b12b668]" started-at="2023-10-27T14:32:58 IST" name="isHelpExistTest" finished-at="2023-10-27T14:33:01 IST" duration-ms="2835" status="PASS">
          <reporter-output>
          </reporter-output>
        </test-method> <!-- isHelpExistTest -->
        <test-method is-config="true" signature="tearDown()[pri:0, instance:TestNGSessions.AmazonTest@5b12b668]" started-at="2023-10-27T14:33:01 IST" name="tearDown" finished-at="2023-10-27T14:33:02 IST" duration-ms="538" status="PASS">
          <reporter-output>
          </reporter-output>
        </test-method> <!-- tearDown -->
      </class> <!-- TestNGSessions.AmazonTest -->
    </test> <!-- Amazon Test -->
  </suite> <!-- Regression Test -->
</testng-results>
