<?xml version="1.0" encoding="UTF-8"?>
<!-- Generated by org.testng.reporters.JUnitXMLReporter -->
<testsuite ignored="0" hostname="DESKTOP-BKC8QFK" failures="0" tests="3" name="Amazon Test" time="18.711" errors="0" timestamp="2023-10-27T14:33:02 IST">
  <testcase classname="TestNGSessions.AmazonTest" name="titleTest" time="0.696"/>
  <testcase classname="TestNGSessions.AmazonTest" name="searchExistTest" time="0.22"/>
  <testcase classname="TestNGSessions.AmazonTest" name="isHelpExistTest" time="2.835"/>
</testsuite> <!-- Amazon Test -->
